2021-06-02 20:59:29,421 INFO logic.ServerRunner [main] ServerRunner just started initialization.
2021-06-02 20:59:29,538 INFO logic.ServerRunner [main] Everything went fine.
2021-06-02 20:59:39,795 WARN logic.CMDManager [main] Executing command...
2021-06-02 20:59:39,795 WARN logic.CMDManager [main] Executed command.
2021-06-02 20:59:43,797 WARN logic.CMDManager [main] Executing command...
2021-06-02 20:59:43,798 WARN logic.CMDManager [main] Executed command.
2021-06-02 21:02:47,380 INFO logic.ServerRunner [main] ServerRunner just started initialization.
2021-06-02 21:02:47,561 INFO logic.ServerRunner [main] Everything went fine.
2021-06-02 21:02:48,701 WARN logic.CMDManager [main] Executing command: connect with InputData: InputData{flagOfCLI=true, commandName='connect', commandArg='null', labName='null', coordinateX=0.0, coordinateY=0.0, minimalPoint=null, difficulty='null', disciplineName='null', selfStudyHours=null}
2021-06-02 21:02:48,701 WARN logic.CMDManager [main] Executed command.
2021-06-02 21:02:51,685 WARN logic.CMDManager [main] Executing command: help with InputData: InputData{flagOfCLI=true, commandName='help', commandArg='null', labName='null', coordinateX=0.0, coordinateY=0.0, minimalPoint=null, difficulty='null', disciplineName='null', selfStudyHours=null}
2021-06-02 21:02:51,686 WARN logic.CMDManager [main] Executed command.
2021-06-02 21:17:21,718 INFO logic.ServerRunner [main] ServerRunner just started initialization.
2021-06-02 21:17:21,904 INFO logic.ServerRunner [main] Everything went fine.
2021-06-02 21:17:22,803 WARN logic.CMDManager [main] Executing command: connect with InputData: InputData{flagOfCLI=true, commandName='connect', commandArg='null', labName='null', coordinateX=0.0, coordinateY=0.0, minimalPoint=null, difficulty='null', disciplineName='null', selfStudyHours=null}
2021-06-02 21:17:22,803 WARN logic.CMDManager [main] Executed command.
2021-06-02 21:17:37,462 WARN logic.CMDManager [main] Executing command: connect with InputData: InputData{flagOfCLI=true, commandName='connect', commandArg='null', labName='null', coordinateX=0.0, coordinateY=0.0, minimalPoint=null, difficulty='null', disciplineName='null', selfStudyHours=null}
2021-06-02 21:17:37,463 WARN logic.CMDManager [main] Executed command.
2021-06-02 21:17:39,694 WARN logic.CMDManager [main] Executing command: help with InputData: InputData{flagOfCLI=true, commandName='help', commandArg='null', labName='null', coordinateX=0.0, coordinateY=0.0, minimalPoint=null, difficulty='null', disciplineName='null', selfStudyHours=null}
2021-06-02 21:17:39,694 WARN logic.CMDManager [main] Executed command.
2021-06-02 21:24:16,566 INFO logic.ServerRunner [main] ServerRunner just started initialization.
2021-06-02 21:24:16,713 INFO logic.ServerRunner [main] Everything went fine.
2021-06-02 21:42:00,265 INFO logic.ServerRunner [main] ServerRunner just started initialization.
2021-06-02 21:42:00,400 INFO logic.ServerRunner [main] Everything went fine.
2021-06-02 21:42:03,985 WARN logic.CMDManager [main] Executing command: connect with InputData: InputData{flagOfCLI=true, commandName='connect', commandArg='null', labName='null', coordinateX=0.0, coordinateY=0.0, minimalPoint=null, difficulty='null', disciplineName='null', selfStudyHours=null}
2021-06-02 21:42:03,985 WARN logic.CMDManager [main] Executed command.
2021-06-02 21:42:17,573 WARN logic.CMDManager [main] Executing command: execute_script with InputData: InputData{flagOfCLI=true, commandName='execute_script', commandArg='test', labName='null', coordinateX=0.0, coordinateY=0.0, minimalPoint=null, difficulty='null', disciplineName='null', selfStudyHours=null}
2021-06-02 21:42:17,576 INFO commands.onearg.Poop [main] Recognized execute_script.
2021-06-02 21:42:17,580 INFO commands.onearg.Poop [main] Getting input data.
2021-06-02 21:42:17,581 WARN commands.onearg.Poop [main] No arg for command was found.
2021-06-02 21:42:17,581 INFO commands.onearg.Poop [main] Got command arg.
2021-06-02 21:42:17,581 INFO commands.onearg.Poop [main] Got labwork name.
2021-06-02 21:42:17,582 INFO commands.onearg.Poop [main] Got coordinate X.
2021-06-02 21:42:17,582 INFO commands.onearg.Poop [main] Got coordinate Y.
2021-06-02 21:42:17,582 INFO commands.onearg.Poop [main] Got minimal point.
2021-06-02 21:42:17,582 INFO commands.onearg.Poop [main] Got difficulty.
2021-06-02 21:42:17,582 INFO commands.onearg.Poop [main] Got discipline name.
2021-06-02 21:42:17,582 INFO commands.onearg.Poop [main] Got discipline hours.
2021-06-02 21:42:17,584 WARN logic.CMDManager [main] Executing command: insert with InputData: InputData{flagOfCLI=false, commandName='null', commandArg='null', labName='1', coordinateX=1.0, coordinateY=1.0, minimalPoint=1, difficulty='EASY', disciplineName='1', selfStudyHours=1}
2021-06-02 21:42:17,585 WARN logic.CMDManager [main] Executed command.
2021-06-02 21:42:17,585 INFO commands.onearg.Poop [main] This is result status: Success
2021-06-02 21:42:17,585 INFO commands.onearg.Poop [main] This is result:
Inserted.
2021-06-02 21:42:17,585 INFO commands.onearg.Poop [main] Getting input data.
2021-06-02 21:42:17,585 INFO commands.onearg.Poop [main] No input data was provided.
2021-06-02 21:42:17,585 WARN logic.CMDManager [main] Executing command: help with InputData: InputData{flagOfCLI=false, commandName='null', commandArg='null', labName='null', coordinateX=0.0, coordinateY=0.0, minimalPoint=null, difficulty='null', disciplineName='null', selfStudyHours=null}
2021-06-02 21:42:17,585 WARN logic.CMDManager [main] Executed command.
2021-06-02 21:42:17,585 INFO commands.onearg.Poop [main] This is result status: Success
2021-06-02 21:42:17,585 INFO commands.onearg.Poop [main] This is result:
help - a command which gives an information about
every single command which is supported in this app.
history - a command to show history of commands usage!
exit - a command to exit everything.
show - a command which shows the collection items
info - a command to get info about the collection:
 type, time, etc
remove_key <key> - a command which removes an element by key.
clear - a command to clear the collection.
remove_lower <key> - a command which removes the elements
which are lower than <key> one.
execute_script <filename> - a command which executes a script.
average_of_minimal_point - a command which show an average
 minimal point field value of collection items.
print_field_descending_difficulty - a command which prints descending difficulty.
remove_any_by_discipline <discipline> - a command to remove by disc.
insert <key> - a command which asks to give element info and inserts it by key.
update <id> - a command which updates element values by id.
replace_if_lower <key> - a command which removes element if lower than provided.
save - a command which saves the collection into collection.json


2021-06-02 21:42:17,586 WARN logic.CMDManager [main] Executed command.
